[2020-12-22T16:36:45.005] [DEBUG] cheese - login => username:admin,password:123456
[2020-12-22T16:36:45.007] [DEBUG] cheese - admin
[2020-12-22T16:36:45.026] [DEBUG] cheese - { inspect: [Function: inspect] }
[2020-12-22T16:36:45.028] [DEBUG] cheese - 查询失败
[2020-12-22T16:44:23.200] [DEBUG] cheese - login => username:admin,password:123456
[2020-12-22T16:44:23.201] [DEBUG] cheese - admin
[2020-12-22T16:44:23.211] [DEBUG] cheese - null
[2020-12-22T16:44:23.212] [DEBUG] cheese - null
[2020-12-24T17:20:21.257] [DEBUG] cheese - login => username:admin,password:123456
[2020-12-24T17:20:21.262] [DEBUG] cheese - admin
[2020-12-24T17:20:21.361] [DEBUG] cheese - login => username:asd,password:dadsdada
[2020-12-24T17:20:21.361] [DEBUG] cheese - asd
[2020-12-24T17:20:21.370] [DEBUG] cheese - login => username:asddada,password:dadsdada
[2020-12-24T17:20:21.370] [DEBUG] cheese - asddada
[2020-12-24T17:20:21.379] [DEBUG] cheese - login => username:asddada,password:dadsdada
[2020-12-24T17:20:21.379] [DEBUG] cheese - asddada
[2020-12-24T17:20:21.386] [DEBUG] cheese - login => username:asddada,password:dadsdada
[2020-12-24T17:20:21.386] [DEBUG] cheese - asddada
[2020-12-24T17:20:21.390] [DEBUG] cheese - login => username:asddada,password:dadsdada
[2020-12-24T17:20:21.390] [DEBUG] cheese - asddada
[2020-12-24T17:20:21.393] [DEBUG] cheese - login => username:asddada,password:dadsdada
[2020-12-24T17:20:21.393] [DEBUG] cheese - asddada
[2020-12-24T17:20:24.943] [DEBUG] cheese - login => username:asddada,password:dadsdada
[2020-12-24T17:20:24.944] [DEBUG] cheese - asddada
[2020-12-24T17:20:24.954] [DEBUG] cheese - login => username:admin,password:123456
[2020-12-24T17:20:24.954] [DEBUG] cheese - admin
[2020-12-24T17:20:24.957] [DEBUG] cheese - login => username:asddada,password:dadsdada
[2020-12-24T17:20:24.958] [DEBUG] cheese - asddada
[2020-12-24T17:20:24.964] [DEBUG] cheese - login => username:asddada,password:dadsdada
[2020-12-24T17:20:24.964] [DEBUG] cheese - asddada
[2020-12-24T17:20:24.967] [DEBUG] cheese - login => username:admin,password:123456
[2020-12-24T17:20:24.967] [DEBUG] cheese - admin
[2020-12-24T17:20:24.972] [DEBUG] cheese - login => username:admin,password:123456
[2020-12-24T17:20:24.972] [DEBUG] cheese - admin
[2020-12-24T17:20:24.978] [DEBUG] cheese - null
[2020-12-24T17:20:24.978] [DEBUG] cheese - null
[2020-12-24T17:20:25.004] [DEBUG] cheese - null
[2020-12-24T17:20:25.004] [DEBUG] cheese - null
[2020-12-24T17:20:25.134] [DEBUG] cheese - login => username:admin,password:123456
[2020-12-24T17:20:25.134] [DEBUG] cheese - admin
[2020-12-24T17:20:25.138] [DEBUG] cheese - null
[2020-12-24T17:20:25.138] [DEBUG] cheese - null
[2020-12-24T17:20:25.234] [DEBUG] cheese - null
[2020-12-24T17:20:25.234] [DEBUG] cheese - null
[2020-12-24T17:20:25.238] [DEBUG] cheese - null
[2020-12-24T17:20:25.238] [DEBUG] cheese - null
[2020-12-24T17:20:25.242] [DEBUG] cheese - login => username:admin,password:123456
[2020-12-24T17:20:25.242] [DEBUG] cheese - admin
[2020-12-24T17:20:25.247] [DEBUG] cheese - null
[2020-12-24T17:20:25.247] [DEBUG] cheese - null
[2020-12-24T17:20:25.358] [DEBUG] cheese - null
[2020-12-24T17:20:25.358] [DEBUG] cheese - null
[2020-12-24T17:20:25.596] [DEBUG] cheese - login => username:admin,password:123456
[2020-12-24T17:20:25.596] [DEBUG] cheese - admin
[2020-12-24T17:20:25.604] [DEBUG] cheese - login => username:admin,password:123456
[2020-12-24T17:20:25.604] [DEBUG] cheese - admin
[2020-12-24T17:20:25.607] [DEBUG] cheese - login => username:admin,password:123456
[2020-12-24T17:20:25.607] [DEBUG] cheese - admin
[2020-12-24T17:20:25.611] [DEBUG] cheese - login => username:admin,password:123456
[2020-12-24T17:20:25.612] [DEBUG] cheese - admin
[2020-12-24T17:20:25.614] [DEBUG] cheese - null
[2020-12-24T17:20:25.614] [DEBUG] cheese - null
[2020-12-24T17:20:25.737] [DEBUG] cheese - login => username:admin,password:123456
[2020-12-24T17:20:25.737] [DEBUG] cheese - admin
[2020-12-24T17:20:25.740] [DEBUG] cheese - login => username:admin,password:123456
[2020-12-24T17:20:25.740] [DEBUG] cheese - admin
[2020-12-24T17:20:25.742] [DEBUG] cheese - null
[2020-12-24T17:20:25.742] [DEBUG] cheese - null
[2020-12-24T17:20:25.838] [DEBUG] cheese - null
[2020-12-24T17:20:25.838] [DEBUG] cheese - null
[2020-12-24T17:20:25.958] [DEBUG] cheese - null
[2020-12-24T17:20:25.959] [DEBUG] cheese - null
[2020-12-24T17:20:26.059] [DEBUG] cheese - null
[2020-12-24T17:20:26.059] [DEBUG] cheese - null
[2020-12-24T17:20:26.152] [DEBUG] cheese - null
[2020-12-24T17:20:26.152] [DEBUG] cheese - null
[2020-12-24T17:20:26.246] [DEBUG] cheese - login => username:admin,password:123456
[2020-12-24T17:20:26.246] [DEBUG] cheese - admin
[2020-12-24T17:20:26.248] [DEBUG] cheese - login => username:admin,password:123456
[2020-12-24T17:20:26.248] [DEBUG] cheese - admin
[2020-12-24T17:20:26.250] [DEBUG] cheese - null
[2020-12-24T17:20:26.250] [DEBUG] cheese - null
[2020-12-24T17:20:26.341] [DEBUG] cheese - login => username:asddada,password:dadsdada
[2020-12-24T17:20:26.341] [DEBUG] cheese - asddada
[2020-12-24T17:20:26.344] [DEBUG] cheese - login => username:asddada,password:dadsdada
[2020-12-24T17:20:26.344] [DEBUG] cheese - asddada
[2020-12-24T17:20:26.346] [DEBUG] cheese - login => username:asddada,password:dadsdada
[2020-12-24T17:20:26.346] [DEBUG] cheese - asddada
[2020-12-24T17:20:26.348] [DEBUG] cheese - login => username:asddada,password:dadsdada
[2020-12-24T17:20:26.348] [DEBUG] cheese - asddada
[2020-12-24T17:20:26.351] [DEBUG] cheese - null
[2020-12-24T17:20:26.351] [DEBUG] cheese - null
[2020-12-24T17:20:26.511] [DEBUG] cheese - null
[2020-12-24T17:20:26.511] [DEBUG] cheese - null
[2020-12-24T17:20:26.517] [DEBUG] cheese - null
[2020-12-24T17:20:26.517] [DEBUG] cheese - null
[2020-12-24T17:20:26.666] [DEBUG] cheese - null
[2020-12-24T17:20:26.666] [DEBUG] cheese - null
[2020-12-24T17:20:26.674] [DEBUG] cheese - null
[2020-12-24T17:20:26.674] [DEBUG] cheese - null
[2020-12-24T17:20:26.676] [DEBUG] cheese - null
[2020-12-24T17:20:26.677] [DEBUG] cheese - null
[2020-12-24T17:20:26.681] [DEBUG] cheese - login => username:asd,password:dadsdada
[2020-12-24T17:20:26.682] [DEBUG] cheese - asd
[2020-12-24T17:20:26.684] [DEBUG] cheese - login => username:asddada,password:dadsdada
[2020-12-24T17:20:26.685] [DEBUG] cheese - asddada
[2020-12-24T17:20:26.689] [DEBUG] cheese - null
[2020-12-24T17:20:26.689] [DEBUG] cheese - null
[2020-12-24T17:20:26.691] [DEBUG] cheese - null
[2020-12-24T17:20:26.691] [DEBUG] cheese - null
[2020-12-24T17:20:26.862] [DEBUG] cheese - login => username:admin,password:123456
[2020-12-24T17:20:26.862] [DEBUG] cheese - admin
[2020-12-24T17:20:26.864] [DEBUG] cheese - null
[2020-12-24T17:20:26.864] [DEBUG] cheese - null
[2020-12-24T17:20:40.112] [DEBUG] cheese - login => username:admin,password:123456
[2020-12-24T17:20:40.112] [DEBUG] cheese - admin
[2020-12-24T17:20:40.115] [DEBUG] cheese - null
[2020-12-24T17:20:40.115] [DEBUG] cheese - null
[2020-12-24T17:20:41.092] [DEBUG] cheese - login => username:admin,password:123456
[2020-12-24T17:20:41.093] [DEBUG] cheese - admin
[2020-12-24T17:20:41.100] [DEBUG] cheese - null
[2020-12-24T17:20:41.100] [DEBUG] cheese - null
[2020-12-24T17:20:49.473] [DEBUG] cheese - login => username:admin,password:123456
[2020-12-24T17:20:49.474] [DEBUG] cheese - admin
[2020-12-24T17:20:49.477] [DEBUG] cheese - null
[2020-12-24T17:20:49.477] [DEBUG] cheese - null
[2020-12-24T17:21:01.339] [DEBUG] cheese - login => username:admin,password:123456
[2020-12-24T17:21:01.339] [DEBUG] cheese - admin
[2020-12-24T17:21:01.342] [DEBUG] cheese - null
[2020-12-24T17:21:01.342] [DEBUG] cheese - null
[2020-12-24T17:31:39.571] [DEBUG] cheese - login => username:admin,password:123456
[2020-12-24T17:31:39.572] [DEBUG] cheese - admin
[2020-12-24T17:31:39.575] [DEBUG] cheese - null
[2020-12-24T17:31:39.575] [DEBUG] cheese - null
[2020-12-24T17:32:02.894] [DEBUG] cheese - login => username:admin,password:1234565
[2020-12-24T17:32:02.894] [DEBUG] cheese - admin
[2020-12-24T17:32:02.897] [DEBUG] cheese - null
[2020-12-24T17:32:02.897] [DEBUG] cheese - null
[2020-12-24T17:32:27.695] [DEBUG] cheese - login => username:admin,password:we243234
[2020-12-24T17:32:27.695] [DEBUG] cheese - admin
[2020-12-24T17:32:27.697] [DEBUG] cheese - null
[2020-12-24T17:32:27.697] [DEBUG] cheese - null
[2020-12-24T17:34:35.682] [DEBUG] cheese - login => username:addwd,password:daaddada
[2020-12-24T17:34:35.682] [DEBUG] cheese - addwd
[2020-12-24T17:34:35.685] [DEBUG] cheese - null
[2020-12-24T17:34:35.685] [DEBUG] cheese - null
[2020-12-24T17:34:39.068] [DEBUG] cheese - login => username:addwd,password:daaddada
[2020-12-24T17:34:39.069] [DEBUG] cheese - addwd
[2020-12-24T17:34:39.070] [DEBUG] cheese - null
[2020-12-24T17:34:39.071] [DEBUG] cheese - null
[2020-12-24T17:36:43.577] [DEBUG] cheese - login => username:adadasdsa,password:dasdsds
[2020-12-24T17:36:43.577] [DEBUG] cheese - adadasdsa
[2020-12-24T17:36:43.580] [DEBUG] cheese - null
[2020-12-24T17:36:43.580] [DEBUG] cheese - null
[2020-12-24T17:36:48.134] [DEBUG] cheese - login => username:adadasdsa,password:dasdsds
[2020-12-24T17:36:48.135] [DEBUG] cheese - adadasdsa
[2020-12-24T17:36:48.137] [DEBUG] cheese - null
[2020-12-24T17:36:48.137] [DEBUG] cheese - null
[2020-12-24T17:38:56.234] [DEBUG] cheese - login => username:admin,password:123456
[2020-12-24T17:38:56.234] [DEBUG] cheese - admin
[2020-12-24T17:38:56.237] [DEBUG] cheese - null
[2020-12-24T17:38:56.237] [DEBUG] cheese - null
[2020-12-24T17:39:00.878] [DEBUG] cheese - login => username:admin,password:123456rtrtr
[2020-12-24T17:39:00.878] [DEBUG] cheese - admin
[2020-12-24T17:39:00.880] [DEBUG] cheese - null
[2020-12-24T17:39:00.880] [DEBUG] cheese - null
[2020-12-24T17:39:03.748] [DEBUG] cheese - login => username:admin,password:123456rtrtr
[2020-12-24T17:39:03.749] [DEBUG] cheese - admin
[2020-12-24T17:39:03.751] [DEBUG] cheese - null
[2020-12-24T17:39:03.752] [DEBUG] cheese - null
[2020-12-24T17:39:05.157] [DEBUG] cheese - login => username:admin,password:123456rtrtr
[2020-12-24T17:39:05.157] [DEBUG] cheese - admin
[2020-12-24T17:39:05.160] [DEBUG] cheese - null
[2020-12-24T17:39:05.161] [DEBUG] cheese - null
[2020-12-24T17:39:06.348] [DEBUG] cheese - login => username:admin,password:123456rtrtr
[2020-12-24T17:39:06.348] [DEBUG] cheese - admin
[2020-12-24T17:39:06.351] [DEBUG] cheese - null
[2020-12-24T17:39:06.351] [DEBUG] cheese - null
[2020-12-24T17:43:10.697] [DEBUG] cheese - login => username:admin,password:123456
[2020-12-24T17:43:10.697] [DEBUG] cheese - admin
[2020-12-24T17:43:10.701] [DEBUG] cheese - null
[2020-12-24T17:43:10.701] [DEBUG] cheese - null
[2020-12-24T17:45:54.543] [DEBUG] cheese - login => username:admin,password:123456
[2020-12-24T17:45:54.543] [DEBUG] cheese - admin
[2020-12-24T17:45:54.546] [DEBUG] cheese - null
[2020-12-24T17:45:54.546] [DEBUG] cheese - null
[2020-12-24T17:52:21.301] [DEBUG] cheese - login => username:admin,password:123456
[2020-12-24T17:52:21.301] [DEBUG] cheese - admin
[2020-12-24T17:52:21.305] [DEBUG] cheese - null
[2020-12-24T17:52:21.306] [DEBUG] cheese - null
[2020-12-24T17:53:15.790] [DEBUG] cheese - login => username:admin,password:123456
[2020-12-24T17:53:15.790] [DEBUG] cheese - admin
[2020-12-24T17:53:15.793] [DEBUG] cheese - null
[2020-12-24T17:53:15.793] [DEBUG] cheese - null
[2020-12-24T17:57:53.522] [DEBUG] cheese - login => username:admin,password:123456
[2020-12-24T17:57:53.523] [DEBUG] cheese - admin
[2020-12-24T17:57:53.525] [DEBUG] cheese - null
[2020-12-24T17:57:53.525] [DEBUG] cheese - null
[2020-12-25T10:30:15.303] [DEBUG] cheese - login => username:admin,password:123456
[2020-12-25T10:30:15.304] [DEBUG] cheese - admin
[2020-12-25T10:30:15.336] [DEBUG] cheese - null
[2020-12-25T10:30:15.336] [DEBUG] cheese - null
[2020-12-25T10:38:46.026] [DEBUG] cheese - login => username:admin,password:123456
[2020-12-25T10:38:46.026] [DEBUG] cheese - admin
[2020-12-25T10:38:46.031] [DEBUG] cheese - null
[2020-12-25T10:38:46.031] [DEBUG] cheese - null
[2020-12-25T10:39:49.815] [DEBUG] cheese - login => username:admin,password:123456
[2020-12-25T10:39:49.815] [DEBUG] cheese - admin
[2020-12-25T10:39:49.818] [DEBUG] cheese - null
[2020-12-25T10:39:49.818] [DEBUG] cheese - null
[2020-12-25T10:42:46.544] [DEBUG] cheese - login => username:admin,password:123456
[2020-12-25T10:42:46.544] [DEBUG] cheese - admin
[2020-12-25T10:42:46.548] [DEBUG] cheese - null
[2020-12-25T10:42:46.549] [DEBUG] cheese - null
[2020-12-25T10:42:49.615] [DEBUG] cheese - login => username:admin,password:123456
[2020-12-25T10:42:49.615] [DEBUG] cheese - admin
[2020-12-25T10:42:49.618] [DEBUG] cheese - null
[2020-12-25T10:42:49.618] [DEBUG] cheese - null
[2020-12-25T10:46:56.174] [DEBUG] cheese - login => username:admin,password:123456
[2020-12-25T10:46:56.174] [DEBUG] cheese - admin
[2020-12-25T10:46:56.178] [DEBUG] cheese - null
[2020-12-25T10:46:56.183] [DEBUG] cheese - null
[2020-12-25T11:25:06.774] [DEBUG] cheese - login => username:admin,password:123456
[2020-12-25T11:25:06.774] [DEBUG] cheese - admin
[2020-12-25T11:25:06.781] [DEBUG] cheese - null
[2020-12-25T11:25:06.781] [DEBUG] cheese - null
[2020-12-25T11:27:12.913] [DEBUG] cheese - login => username:admin,password:123456
[2020-12-25T11:27:12.913] [DEBUG] cheese - admin
[2020-12-25T11:27:12.917] [DEBUG] cheese - null
[2020-12-25T11:27:12.917] [DEBUG] cheese - null
[2020-12-25T11:27:48.649] [DEBUG] cheese - login => username:admin,password:123456
[2020-12-25T11:27:48.650] [DEBUG] cheese - admin
[2020-12-25T11:27:48.652] [DEBUG] cheese - null
[2020-12-25T11:27:48.652] [DEBUG] cheese - null
[2020-12-25T11:29:11.432] [DEBUG] cheese - login => username:admin,password:123456
[2020-12-25T11:29:11.432] [DEBUG] cheese - admin
[2020-12-25T11:29:11.435] [DEBUG] cheese - null
[2020-12-25T11:29:11.435] [DEBUG] cheese - null
[2020-12-25T11:29:14.306] [DEBUG] cheese - login => username:admin,password:123456
[2020-12-25T11:29:14.306] [DEBUG] cheese - admin
[2020-12-25T11:29:14.308] [DEBUG] cheese - null
[2020-12-25T11:29:14.308] [DEBUG] cheese - null
[2020-12-25T11:46:35.775] [DEBUG] cheese - login => username:admin,password:123456
[2020-12-25T11:46:35.776] [DEBUG] cheese - admin
[2020-12-25T11:46:35.781] [DEBUG] cheese - null
[2020-12-25T11:46:35.782] [DEBUG] cheese - null
[2020-12-25T12:01:58.105] [DEBUG] cheese - login => username:admin,password:123456
[2020-12-25T12:01:58.105] [DEBUG] cheese - admin
[2020-12-25T12:01:58.120] [DEBUG] cheese - null
[2020-12-25T12:01:58.120] [DEBUG] cheese - null
[2020-12-25T15:18:46.131] [DEBUG] cheese - login => username:admin,password:123456
[2020-12-25T15:18:46.131] [DEBUG] cheese - admin
[2020-12-25T15:18:46.140] [DEBUG] cheese - null
[2020-12-25T15:18:46.141] [DEBUG] cheese - null
[2020-12-25T16:58:42.687] [DEBUG] cheese - login => username:admin,password:123456
[2020-12-25T16:58:42.688] [DEBUG] cheese - admin
[2020-12-25T16:58:42.697] [DEBUG] cheese - null
[2020-12-25T16:58:42.697] [DEBUG] cheese - null
[2020-12-25T17:01:21.439] [DEBUG] cheese - login => username:admin,password:123456
[2020-12-25T17:01:21.439] [DEBUG] cheese - admin
[2020-12-25T17:01:21.443] [DEBUG] cheese - null
[2020-12-25T17:01:21.443] [DEBUG] cheese - null
[2020-12-25T17:01:25.472] [DEBUG] cheese - login => username:admin,password:123456
[2020-12-25T17:01:25.472] [DEBUG] cheese - admin
[2020-12-25T17:01:25.477] [DEBUG] cheese - null
[2020-12-25T17:01:25.477] [DEBUG] cheese - null
[2020-12-28T09:54:28.378] [DEBUG] cheese - login => username:admin,password:123456
[2020-12-28T09:54:28.379] [DEBUG] cheese - admin
[2020-12-28T09:54:28.404] [DEBUG] cheese - null
[2020-12-28T09:54:28.405] [DEBUG] cheese - null
[2020-12-28T09:54:31.828] [DEBUG] cheese - login => username:admin,password:123456
[2020-12-28T09:54:31.828] [DEBUG] cheese - admin
[2020-12-28T09:54:31.833] [DEBUG] cheese - null
[2020-12-28T09:54:31.833] [DEBUG] cheese - null
[2020-12-28T09:54:53.562] [DEBUG] cheese - login => username:admin,password:123456
[2020-12-28T09:54:53.563] [DEBUG] cheese - admin
[2020-12-28T09:54:53.565] [DEBUG] cheese - null
[2020-12-28T09:54:53.566] [DEBUG] cheese - null
[2020-12-28T09:55:00.362] [DEBUG] cheese - login => username:admin,password:123456
[2020-12-28T09:55:00.363] [DEBUG] cheese - admin
[2020-12-28T09:55:00.365] [DEBUG] cheese - null
[2020-12-28T09:55:00.366] [DEBUG] cheese - null
[2020-12-28T11:39:39.522] [DEBUG] cheese - login => username:admin,password:123456
[2020-12-28T11:39:39.523] [DEBUG] cheese - admin
[2020-12-28T11:39:39.532] [DEBUG] cheese - null
[2020-12-28T11:39:39.532] [DEBUG] cheese - null
[2020-12-28T11:42:04.516] [DEBUG] cheese - login => username:admin,password:123456
[2020-12-28T11:42:04.516] [DEBUG] cheese - admin
[2020-12-28T11:42:04.518] [DEBUG] cheese - null
[2020-12-28T11:42:04.518] [DEBUG] cheese - null
[2020-12-28T11:44:19.210] [DEBUG] cheese - login => username:admin,password:123456
[2020-12-28T11:44:19.211] [DEBUG] cheese - admin
[2020-12-28T11:44:19.213] [DEBUG] cheese - null
[2020-12-28T11:44:19.213] [DEBUG] cheese - null
[2020-12-28T11:44:28.125] [DEBUG] cheese - login => username:admin,password:123456
[2020-12-28T11:44:28.125] [DEBUG] cheese - admin
[2020-12-28T11:44:28.128] [DEBUG] cheese - null
[2020-12-28T11:44:28.128] [DEBUG] cheese - null
[2020-12-28T11:44:48.670] [DEBUG] cheese - login => username:admin,password:123456
[2020-12-28T11:44:48.670] [DEBUG] cheese - admin
[2020-12-28T11:44:48.674] [DEBUG] cheese - null
[2020-12-28T11:44:48.674] [DEBUG] cheese - null
[2020-12-28T11:48:23.735] [DEBUG] cheese - login => username:admin,password:123456
[2020-12-28T11:48:23.736] [DEBUG] cheese - admin
[2020-12-28T11:48:23.739] [DEBUG] cheese - null
[2020-12-28T11:48:23.739] [DEBUG] cheese - null
[2020-12-28T11:49:30.656] [DEBUG] cheese - login => username:admin,password:123456
[2020-12-28T11:49:30.657] [DEBUG] cheese - admin
[2020-12-28T11:49:30.659] [DEBUG] cheese - null
[2020-12-28T11:49:30.659] [DEBUG] cheese - null
[2020-12-28T15:09:05.457] [DEBUG] cheese - login => username:admin,password:123456
[2020-12-28T15:09:05.458] [DEBUG] cheese - admin
[2020-12-28T15:09:05.464] [DEBUG] cheese - null
[2020-12-28T15:09:05.465] [DEBUG] cheese - null
[2020-12-29T15:29:37.027] [DEBUG] cheese - login => username:admin,password:123456
[2020-12-29T15:29:37.027] [DEBUG] cheese - admin
[2020-12-29T15:29:37.043] [DEBUG] cheese - null
[2020-12-29T15:29:37.043] [DEBUG] cheese - null
[2020-12-29T15:40:08.957] [DEBUG] cheese - login => username:admin,password:123456
[2020-12-29T15:40:08.957] [DEBUG] cheese - admin
[2020-12-29T15:40:08.961] [DEBUG] cheese - null
[2020-12-29T15:40:08.961] [DEBUG] cheese - null
[2020-12-29T16:10:31.597] [DEBUG] cheese - login => username:admin,password:123456
[2020-12-29T16:10:31.598] [DEBUG] cheese - admin
[2020-12-29T16:10:31.604] [DEBUG] cheese - null
[2020-12-29T16:10:31.604] [DEBUG] cheese - null
[2020-12-29T16:11:14.517] [DEBUG] cheese - login => username:admin,password:123456
[2020-12-29T16:11:14.517] [DEBUG] cheese - admin
[2020-12-29T16:11:14.520] [DEBUG] cheese - null
[2020-12-29T16:11:14.520] [DEBUG] cheese - null
[2020-12-29T16:13:19.551] [DEBUG] cheese - login => username:admin,password:123456
[2020-12-29T16:13:19.551] [DEBUG] cheese - admin
[2020-12-29T16:13:19.554] [DEBUG] cheese - null
[2020-12-29T16:13:19.554] [DEBUG] cheese - null
[2020-12-30T09:52:40.055] [DEBUG] cheese - login => username:admin,password:123456
[2020-12-30T09:52:40.065] [DEBUG] cheese - admin
[2020-12-30T09:52:40.090] [DEBUG] cheese - null
[2020-12-30T09:52:40.091] [DEBUG] cheese - null
[2020-12-31T10:50:07.006] [DEBUG] cheese - login => username:admin,password:123456
[2020-12-31T10:50:07.007] [DEBUG] cheese - admin
[2020-12-31T10:50:07.032] [DEBUG] cheese - null
[2020-12-31T10:50:07.033] [DEBUG] cheese - null
[2021-01-04T16:17:49.674] [DEBUG] cheese - login => username:admin,password:123456
[2021-01-04T16:17:49.676] [DEBUG] cheese - admin
[2021-01-04T16:17:49.718] [DEBUG] cheese - null
[2021-01-04T16:17:49.719] [DEBUG] cheese - null
[2021-01-04T16:32:38.649] [DEBUG] cheese - login => username:admin,password:123456
[2021-01-04T16:32:38.649] [DEBUG] cheese - admin
[2021-01-04T16:32:38.657] [DEBUG] cheese - null
[2021-01-04T16:32:38.658] [DEBUG] cheese - null
[2021-01-04T16:53:41.089] [DEBUG] cheese - login => username:admin,password:123456
[2021-01-04T16:53:41.089] [DEBUG] cheese - admin
[2021-01-04T16:53:41.093] [DEBUG] cheese - null
[2021-01-04T16:53:41.093] [DEBUG] cheese - null
